0 info it worked if it ends with ok
1 verbose cli [ '/Applications/Atom.app/Contents/Resources/app/apm/bin/node',
1 verbose cli   '/Applications/Atom.app/Contents/Resources/app/apm/node_modules/npm/bin/npm-cli.js',
1 verbose cli   'ci',
1 verbose cli   '--globalconfig',
1 verbose cli   '/Users/Fineart/.atom/.apm/.apmrc',
1 verbose cli   '--userconfig',
1 verbose cli   '/Users/Fineart/.atom/.apmrc',
1 verbose cli   '--runtime=electron',
1 verbose cli   '--target=2.0.18',
1 verbose cli   '--dist-url=https://atom.io/download/electron',
1 verbose cli   '--arch=x64' ]
2 info using npm@6.2.0
3 info using node@v8.9.3
4 verbose npm-session 5677aa49f657dcc2
5 info prepare initializing installer
6 verbose prepare starting workers
7 verbose prepare installation prefix: /Users/Fineart/.atom
8 verbose teardown shutting down workers.
9 info teardown Done in 0.001s
10 verbose stack Error: ENOENT: no such file or directory, open '/Users/Fineart/.atom/package.json'
11 verbose cwd /Users/Fineart/.atom
12 verbose Darwin 17.7.0
13 verbose argv "/Applications/Atom.app/Contents/Resources/app/apm/bin/node" "/Applications/Atom.app/Contents/Resources/app/apm/node_modules/npm/bin/npm-cli.js" "ci" "--globalconfig" "/Users/Fineart/.atom/.apm/.apmrc" "--userconfig" "/Users/Fineart/.atom/.apmrc" "--runtime=electron" "--target=2.0.18" "--dist-url=https://atom.io/download/electron" "--arch=x64"
14 verbose node v8.9.3
15 verbose npm  v6.2.0
16 error path /Users/Fineart/.atom/package.json
17 error code ENOENT
18 error errno -2
19 error syscall open
20 error enoent ENOENT: no such file or directory, open '/Users/Fineart/.atom/package.json'
21 error enoent This is related to npm not being able to find a file.
22 verbose exit [ -2, true ]
