0 info it worked if it ends with ok
1 verbose cli [ '/Applications/Atom.app/Contents/Resources/app/apm/bin/node',
1 verbose cli   '/Applications/Atom.app/Contents/Resources/app/apm/node_modules/npm/bin/npm-cli.js',
1 verbose cli   'ci',
1 verbose cli   '--globalconfig',
1 verbose cli   '/Users/sudprawat/.atom/.apm/.apmrc',
1 verbose cli   '--userconfig',
1 verbose cli   '/Users/sudprawat/.atom/.apmrc',
1 verbose cli   '--runtime=electron',
1 verbose cli   '--target=2.0.18',
1 verbose cli   '--dist-url=https://atom.io/download/electron',
1 verbose cli   '--arch=x64' ]
2 info using npm@6.2.0
3 info using node@v8.9.3
4 verbose npm-session e17bf0071b77bc85
5 info prepare initializing installer
6 verbose prepare starting workers
7 verbose prepare installation prefix: /Users/sudprawat/.atom
8 verbose prepare using package-lock.json
9 warn prepare removing existing node_modules/ before installation
10 verbose checkLock verifying package-lock data
11 verbose teardown shutting down workers.
12 info teardown Done in 0.001s
13 verbose stack Error: cipm can only install packages when your package.json and package-lock.json or npm-shrinkwrap.json are in sync. Please update your lock file with `npm install` before continuing.
13 verbose stack
13 verbose stack
13 verbose stack Missing: link@^0.1.5
13 verbose stack Missing: toolbar@*
13 verbose stack Invalid: lock file's braces@1.8.5 does not satisfy braces@>=2.3.1
13 verbose stack
13 verbose stack     at lockVerify.then.result (/Applications/Atom.app/Contents/Resources/app/apm/node_modules/npm/node_modules/libcipm/index.js:155:15)
13 verbose stack     at <anonymous>
14 verbose cwd /Users/sudprawat/.atom
15 verbose Darwin 18.6.0
16 verbose argv "/Applications/Atom.app/Contents/Resources/app/apm/bin/node" "/Applications/Atom.app/Contents/Resources/app/apm/node_modules/npm/bin/npm-cli.js" "ci" "--globalconfig" "/Users/sudprawat/.atom/.apm/.apmrc" "--userconfig" "/Users/sudprawat/.atom/.apmrc" "--runtime=electron" "--target=2.0.18" "--dist-url=https://atom.io/download/electron" "--arch=x64"
17 verbose node v8.9.3
18 verbose npm  v6.2.0
19 error cipm can only install packages when your package.json and package-lock.json or npm-shrinkwrap.json are in sync. Please update your lock file with `npm install` before continuing.
19 error
19 error
19 error Missing: link@^0.1.5
19 error Missing: toolbar@*
19 error Invalid: lock file's braces@1.8.5 does not satisfy braces@>=2.3.1
20 verbose exit [ 1, true ]
