0 info it worked if it ends with ok
1 verbose cli [ '/Applications/Atom.app/Contents/Resources/app/apm/bin/node',
1 verbose cli   '/Applications/Atom.app/Contents/Resources/app/apm/node_modules/npm/bin/npm-cli.js',
1 verbose cli   '--globalconfig',
1 verbose cli   '/Users/sudprawat/.atom/.apm/.apmrc',
1 verbose cli   '--userconfig',
1 verbose cli   '/Users/sudprawat/.atom/.apmrc',
1 verbose cli   'install',
1 verbose cli   '--runtime=electron',
1 verbose cli   '--target=2.0.18',
1 verbose cli   '--dist-url=https://atom.io/download/electron',
1 verbose cli   '--arch=x64' ]
2 info using npm@6.2.0
3 info using node@v8.9.3
4 verbose npm-session 43d15ec96972690f
5 silly install runPreinstallTopLevelLifecycles
6 silly preinstall acorn@4.0.13
7 info lifecycle acorn@4.0.13~preinstall: acorn@4.0.13
8 silly install loadCurrentTree
9 silly install readLocalPackageData
10 timing stage:loadCurrentTree Completed in 10ms
11 silly install loadIdealTree
12 silly install cloneCurrentTreeToIdealTree
13 timing stage:loadIdealTree:cloneCurrentTree Completed in 0ms
14 silly install loadShrinkwrap
15 timing stage:loadIdealTree:loadShrinkwrap Completed in 1ms
16 silly install loadAllDepsIntoIdealTree
17 http fetch GET 200 https://registry.npmjs.org/rollup 132ms
18 http fetch GET 200 https://registry.npmjs.org/rollup-plugin-buble 999ms
19 http fetch GET 200 https://registry.npmjs.org/unicode-9.0.0 1003ms
20 silly pacote range manifest for unicode-9.0.0@^0.7.0 fetched in 1006ms
21 http fetch GET 200 https://registry.npmjs.org/rollup-plugin-buble/-/rollup-plugin-buble-0.11.0.tgz 934ms
22 silly pacote range manifest for rollup-plugin-buble@^0.11.0 fetched in 1938ms
23 http fetch GET 200 https://registry.npmjs.org/rollup-pluginutils 30ms
24 http fetch GET 200 https://registry.npmjs.org/rollup-pluginutils/-/rollup-pluginutils-1.5.2.tgz 37ms
25 http fetch GET 200 https://registry.npmjs.org/rollup/-/rollup-0.34.13.tgz 1870ms
26 silly pacote range manifest for rollup-pluginutils@^1.5.0 fetched in 72ms
27 silly pacote range manifest for rollup@^0.34.1 fetched in 2025ms
28 http fetch GET 200 https://registry.npmjs.org/minimatch 9ms (from cache)
29 silly pacote range manifest for minimatch@^3.0.2 fetched in 11ms
30 http fetch GET 200 https://registry.npmjs.org/brace-expansion 2ms (from cache)
31 silly pacote range manifest for brace-expansion@^1.1.7 fetched in 3ms
32 http fetch GET 200 https://registry.npmjs.org/balanced-match 4ms (from cache)
33 http fetch GET 200 https://registry.npmjs.org/concat-map 4ms (from cache)
34 silly pacote range manifest for balanced-match@^1.0.0 fetched in 6ms
35 silly pacote version manifest for concat-map@0.0.1 fetched in 5ms
36 http fetch GET 200 https://registry.npmjs.org/estree-walker 36ms
37 http fetch GET 304 https://registry.npmjs.org/source-map-support 37ms (from cache)
38 silly pacote range manifest for source-map-support@^0.4.0 fetched in 38ms
39 http fetch GET 200 https://registry.npmjs.org/source-map 3ms (from cache)
40 silly pacote range manifest for source-map@^0.5.6 fetched in 5ms
41 http fetch GET 200 https://registry.npmjs.org/buble 1003ms
42 http fetch GET 200 https://registry.npmjs.org/estree-walker/-/estree-walker-0.2.1.tgz 920ms
43 silly pacote range manifest for estree-walker@^0.2.1 fetched in 960ms
44 http fetch GET 200 https://registry.npmjs.org/buble/-/buble-0.11.6.tgz 1876ms
45 silly pacote range manifest for buble@^0.11.0 fetched in 2884ms
46 http fetch GET 200 https://registry.npmjs.org/acorn 9ms (from cache)
47 http fetch GET 200 https://registry.npmjs.org/minimist 10ms (from cache)
48 http fetch GET 200 https://registry.npmjs.org/acorn-jsx 11ms (from cache)
49 http fetch GET 200 https://registry.npmjs.org/chalk 13ms (from cache)
50 silly pacote range manifest for minimist@^1.2.0 fetched in 15ms
51 silly pacote range manifest for chalk@^1.1.3 fetched in 15ms
52 silly pacote range manifest for acorn@^3.1.0 fetched in 20ms
53 silly pacote range manifest for acorn-jsx@^3.0.1 fetched in 20ms
54 silly pacote range manifest for acorn@^3.0.4 fetched in 6ms
55 http fetch GET 200 https://registry.npmjs.org/escape-string-regexp 13ms (from cache)
56 http fetch GET 200 https://registry.npmjs.org/has-ansi 12ms (from cache)
57 http fetch GET 200 https://registry.npmjs.org/strip-ansi 13ms (from cache)
58 http fetch GET 200 https://registry.npmjs.org/ansi-styles 14ms (from cache)
59 http fetch GET 200 https://registry.npmjs.org/supports-color 14ms (from cache)
60 silly pacote range manifest for strip-ansi@^3.0.0 fetched in 16ms
61 silly pacote range manifest for escape-string-regexp@^1.0.2 fetched in 17ms
62 silly pacote range manifest for has-ansi@^2.0.0 fetched in 17ms
63 silly pacote range manifest for ansi-styles@^2.2.1 fetched in 18ms
64 silly pacote range manifest for supports-color@^2.0.0 fetched in 18ms
65 http fetch GET 200 https://registry.npmjs.org/magic-string 37ms
66 http fetch GET 200 https://registry.npmjs.org/ansi-regex 6ms (from cache)
67 silly pacote range manifest for ansi-regex@^2.0.0 fetched in 7ms
68 http fetch GET 200 https://registry.npmjs.org/magic-string/-/magic-string-0.14.0.tgz 29ms
69 silly pacote range manifest for magic-string@^0.14.0 fetched in 71ms
70 http fetch GET 200 https://registry.npmjs.org/vlq 23ms
71 silly pacote range manifest for vlq@^0.2.1 fetched in 26ms
72 http fetch GET 200 https://registry.npmjs.org/acorn-object-spread 982ms
73 silly pacote range manifest for acorn-object-spread@^1.0.0 fetched in 986ms
74 silly pacote range manifest for rollup@^0.34.1 fetched in 8ms
75 silly resolveWithNewModule rollup@0.34.13 checking installable status
76 silly pacote range manifest for unicode-9.0.0@^0.7.0 fetched in 10ms
77 silly resolveWithNewModule unicode-9.0.0@0.7.5 checking installable status
78 silly pacote range manifest for rollup-plugin-buble@^0.11.0 fetched in 11ms
79 silly resolveWithNewModule rollup-plugin-buble@0.11.0 checking installable status
80 silly pacote range manifest for source-map-support@^0.4.0 fetched in 1ms
81 silly resolveWithNewModule source-map-support@0.4.18 checking installable status
82 silly pacote range manifest for source-map@^0.5.6 fetched in 1ms
83 silly resolveWithNewModule source-map@0.5.7 checking installable status
84 silly pacote range manifest for buble@^0.11.0 fetched in 2ms
85 silly resolveWithNewModule buble@0.11.6 checking installable status
86 silly pacote range manifest for rollup-pluginutils@^1.5.0 fetched in 2ms
87 silly resolveWithNewModule rollup-pluginutils@1.5.2 checking installable status
88 silly pacote range manifest for acorn-object-spread@^1.0.0 fetched in 3ms
89 silly resolveWithNewModule acorn-object-spread@1.0.0 checking installable status
90 silly pacote range manifest for acorn@^3.1.0 fetched in 4ms
91 silly resolveWithNewModule acorn@3.3.0 checking installable status
92 silly pacote range manifest for chalk@^1.1.3 fetched in 4ms
93 silly resolveWithNewModule chalk@1.1.3 checking installable status
94 silly pacote range manifest for magic-string@^0.14.0 fetched in 5ms
95 silly resolveWithNewModule magic-string@0.14.0 checking installable status
96 silly pacote range manifest for minimist@^1.2.0 fetched in 5ms
97 silly resolveWithNewModule minimist@1.2.0 checking installable status
98 silly pacote range manifest for acorn-jsx@^3.0.1 fetched in 6ms
99 silly resolveWithNewModule acorn-jsx@3.0.1 checking installable status
100 silly pacote range manifest for escape-string-regexp@^1.0.2 fetched in 2ms
101 silly resolveWithNewModule escape-string-regexp@1.0.5 checking installable status
102 silly pacote range manifest for ansi-styles@^2.2.1 fetched in 3ms
103 silly resolveWithNewModule ansi-styles@2.2.1 checking installable status
104 silly pacote range manifest for has-ansi@^2.0.0 fetched in 3ms
105 silly resolveWithNewModule has-ansi@2.0.0 checking installable status
106 silly pacote range manifest for strip-ansi@^3.0.0 fetched in 3ms
107 silly resolveWithNewModule strip-ansi@3.0.1 checking installable status
108 silly pacote range manifest for supports-color@^2.0.0 fetched in 4ms
109 silly resolveWithNewModule supports-color@2.0.0 checking installable status
110 silly pacote range manifest for ansi-regex@^2.0.0 fetched in 0ms
111 silly resolveWithNewModule ansi-regex@2.1.1 checking installable status
112 silly pacote range manifest for vlq@^0.2.1 fetched in 1ms
113 silly resolveWithNewModule vlq@0.2.3 checking installable status
114 silly pacote range manifest for estree-walker@^0.2.1 fetched in 1ms
115 silly resolveWithNewModule estree-walker@0.2.1 checking installable status
116 silly pacote range manifest for minimatch@^3.0.2 fetched in 1ms
117 silly resolveWithNewModule minimatch@3.0.4 checking installable status
118 silly pacote range manifest for brace-expansion@^1.1.7 fetched in 1ms
119 silly resolveWithNewModule brace-expansion@1.1.11 checking installable status
120 silly pacote range manifest for balanced-match@^1.0.0 fetched in 1ms
121 silly resolveWithNewModule balanced-match@1.0.0 checking installable status
122 silly pacote version manifest for concat-map@0.0.1 fetched in 1ms
123 silly resolveWithNewModule concat-map@0.0.1 checking installable status
124 timing stage:loadIdealTree:loadAllDepsIntoIdealTree Completed in 6003ms
125 timing stage:loadIdealTree Completed in 6013ms
126 silly currentTree acorn@4.0.13
127 silly idealTree acorn@4.0.13
127 silly idealTree ├── acorn-jsx@3.0.1
127 silly idealTree ├── acorn-object-spread@1.0.0
127 silly idealTree ├── acorn@3.3.0
127 silly idealTree ├── ansi-regex@2.1.1
127 silly idealTree ├── ansi-styles@2.2.1
127 silly idealTree ├── balanced-match@1.0.0
127 silly idealTree ├── brace-expansion@1.1.11
127 silly idealTree ├── buble@0.11.6
127 silly idealTree ├── chalk@1.1.3
127 silly idealTree ├── concat-map@0.0.1
127 silly idealTree ├── escape-string-regexp@1.0.5
127 silly idealTree ├── estree-walker@0.2.1
127 silly idealTree ├── has-ansi@2.0.0
127 silly idealTree ├── magic-string@0.14.0
127 silly idealTree ├── minimatch@3.0.4
127 silly idealTree ├── minimist@1.2.0
127 silly idealTree ├── rollup-plugin-buble@0.11.0
127 silly idealTree ├── rollup-pluginutils@1.5.2
127 silly idealTree ├── rollup@0.34.13
127 silly idealTree ├── source-map-support@0.4.18
127 silly idealTree ├── source-map@0.5.7
127 silly idealTree ├── strip-ansi@3.0.1
127 silly idealTree ├── supports-color@2.0.0
127 silly idealTree ├── unicode-9.0.0@0.7.5
127 silly idealTree └── vlq@0.2.3
128 silly install generateActionsToTake
129 timing stage:generateActionsToTake Completed in 8ms
130 silly diffTrees action count 25
131 silly diffTrees add acorn@3.3.0
132 silly diffTrees add acorn-jsx@3.0.1
133 silly diffTrees add acorn-object-spread@1.0.0
134 silly diffTrees add ansi-regex@2.1.1
135 silly diffTrees add ansi-styles@2.2.1
136 silly diffTrees add balanced-match@1.0.0
137 silly diffTrees add concat-map@0.0.1
138 silly diffTrees add brace-expansion@1.1.11
139 silly diffTrees add escape-string-regexp@1.0.5
140 silly diffTrees add estree-walker@0.2.1
141 silly diffTrees add has-ansi@2.0.0
142 silly diffTrees add minimatch@3.0.4
143 silly diffTrees add minimist@1.2.0
144 silly diffTrees add rollup-pluginutils@1.5.2
145 silly diffTrees add source-map@0.5.7
146 silly diffTrees add source-map-support@0.4.18
147 silly diffTrees add strip-ansi@3.0.1
148 silly diffTrees add supports-color@2.0.0
149 silly diffTrees add chalk@1.1.3
150 silly diffTrees add vlq@0.2.3
151 silly diffTrees add magic-string@0.14.0
152 silly diffTrees add buble@0.11.6
153 silly diffTrees add rollup@0.34.13
154 silly diffTrees add rollup-plugin-buble@0.11.0
155 silly diffTrees add unicode-9.0.0@0.7.5
156 silly decomposeActions action count 200
157 silly decomposeActions fetch acorn@3.3.0
158 silly decomposeActions extract acorn@3.3.0
159 silly decomposeActions preinstall acorn@3.3.0
160 silly decomposeActions build acorn@3.3.0
161 silly decomposeActions install acorn@3.3.0
162 silly decomposeActions postinstall acorn@3.3.0
163 silly decomposeActions finalize acorn@3.3.0
164 silly decomposeActions refresh-package-json acorn@3.3.0
165 silly decomposeActions fetch acorn-jsx@3.0.1
166 silly decomposeActions extract acorn-jsx@3.0.1
167 silly decomposeActions preinstall acorn-jsx@3.0.1
168 silly decomposeActions build acorn-jsx@3.0.1
169 silly decomposeActions install acorn-jsx@3.0.1
170 silly decomposeActions postinstall acorn-jsx@3.0.1
171 silly decomposeActions finalize acorn-jsx@3.0.1
172 silly decomposeActions refresh-package-json acorn-jsx@3.0.1
173 silly decomposeActions fetch acorn-object-spread@1.0.0
174 silly decomposeActions extract acorn-object-spread@1.0.0
175 silly decomposeActions preinstall acorn-object-spread@1.0.0
176 silly decomposeActions build acorn-object-spread@1.0.0
177 silly decomposeActions install acorn-object-spread@1.0.0
178 silly decomposeActions postinstall acorn-object-spread@1.0.0
179 silly decomposeActions finalize acorn-object-spread@1.0.0
180 silly decomposeActions refresh-package-json acorn-object-spread@1.0.0
181 silly decomposeActions fetch ansi-regex@2.1.1
182 silly decomposeActions extract ansi-regex@2.1.1
183 silly decomposeActions preinstall ansi-regex@2.1.1
184 silly decomposeActions build ansi-regex@2.1.1
185 silly decomposeActions install ansi-regex@2.1.1
186 silly decomposeActions postinstall ansi-regex@2.1.1
187 silly decomposeActions finalize ansi-regex@2.1.1
188 silly decomposeActions refresh-package-json ansi-regex@2.1.1
189 silly decomposeActions fetch ansi-styles@2.2.1
190 silly decomposeActions extract ansi-styles@2.2.1
191 silly decomposeActions preinstall ansi-styles@2.2.1
192 silly decomposeActions build ansi-styles@2.2.1
193 silly decomposeActions install ansi-styles@2.2.1
194 silly decomposeActions postinstall ansi-styles@2.2.1
195 silly decomposeActions finalize ansi-styles@2.2.1
196 silly decomposeActions refresh-package-json ansi-styles@2.2.1
197 silly decomposeActions fetch balanced-match@1.0.0
198 silly decomposeActions extract balanced-match@1.0.0
199 silly decomposeActions preinstall balanced-match@1.0.0
200 silly decomposeActions build balanced-match@1.0.0
201 silly decomposeActions install balanced-match@1.0.0
202 silly decomposeActions postinstall balanced-match@1.0.0
203 silly decomposeActions finalize balanced-match@1.0.0
204 silly decomposeActions refresh-package-json balanced-match@1.0.0
205 silly decomposeActions fetch concat-map@0.0.1
206 silly decomposeActions extract concat-map@0.0.1
207 silly decomposeActions preinstall concat-map@0.0.1
208 silly decomposeActions build concat-map@0.0.1
209 silly decomposeActions install concat-map@0.0.1
210 silly decomposeActions postinstall concat-map@0.0.1
211 silly decomposeActions finalize concat-map@0.0.1
212 silly decomposeActions refresh-package-json concat-map@0.0.1
213 silly decomposeActions fetch brace-expansion@1.1.11
214 silly decomposeActions extract brace-expansion@1.1.11
215 silly decomposeActions preinstall brace-expansion@1.1.11
216 silly decomposeActions build brace-expansion@1.1.11
217 silly decomposeActions install brace-expansion@1.1.11
218 silly decomposeActions postinstall brace-expansion@1.1.11
219 silly decomposeActions finalize brace-expansion@1.1.11
220 silly decomposeActions refresh-package-json brace-expansion@1.1.11
221 silly decomposeActions fetch escape-string-regexp@1.0.5
222 silly decomposeActions extract escape-string-regexp@1.0.5
223 silly decomposeActions preinstall escape-string-regexp@1.0.5
224 silly decomposeActions build escape-string-regexp@1.0.5
225 silly decomposeActions install escape-string-regexp@1.0.5
226 silly decomposeActions postinstall escape-string-regexp@1.0.5
227 silly decomposeActions finalize escape-string-regexp@1.0.5
228 silly decomposeActions refresh-package-json escape-string-regexp@1.0.5
229 silly decomposeActions fetch estree-walker@0.2.1
230 silly decomposeActions extract estree-walker@0.2.1
231 silly decomposeActions preinstall estree-walker@0.2.1
232 silly decomposeActions build estree-walker@0.2.1
233 silly decomposeActions install estree-walker@0.2.1
234 silly decomposeActions postinstall estree-walker@0.2.1
235 silly decomposeActions finalize estree-walker@0.2.1
236 silly decomposeActions refresh-package-json estree-walker@0.2.1
237 silly decomposeActions fetch has-ansi@2.0.0
238 silly decomposeActions extract has-ansi@2.0.0
239 silly decomposeActions preinstall has-ansi@2.0.0
240 silly decomposeActions build has-ansi@2.0.0
241 silly decomposeActions install has-ansi@2.0.0
242 silly decomposeActions postinstall has-ansi@2.0.0
243 silly decomposeActions finalize has-ansi@2.0.0
244 silly decomposeActions refresh-package-json has-ansi@2.0.0
245 silly decomposeActions fetch minimatch@3.0.4
246 silly decomposeActions extract minimatch@3.0.4
247 silly decomposeActions preinstall minimatch@3.0.4
248 silly decomposeActions build minimatch@3.0.4
249 silly decomposeActions install minimatch@3.0.4
250 silly decomposeActions postinstall minimatch@3.0.4
251 silly decomposeActions finalize minimatch@3.0.4
252 silly decomposeActions refresh-package-json minimatch@3.0.4
253 silly decomposeActions fetch minimist@1.2.0
254 silly decomposeActions extract minimist@1.2.0
255 silly decomposeActions preinstall minimist@1.2.0
256 silly decomposeActions build minimist@1.2.0
257 silly decomposeActions install minimist@1.2.0
258 silly decomposeActions postinstall minimist@1.2.0
259 silly decomposeActions finalize minimist@1.2.0
260 silly decomposeActions refresh-package-json minimist@1.2.0
261 silly decomposeActions fetch rollup-pluginutils@1.5.2
262 silly decomposeActions extract rollup-pluginutils@1.5.2
263 silly decomposeActions preinstall rollup-pluginutils@1.5.2
264 silly decomposeActions build rollup-pluginutils@1.5.2
265 silly decomposeActions install rollup-pluginutils@1.5.2
266 silly decomposeActions postinstall rollup-pluginutils@1.5.2
267 silly decomposeActions finalize rollup-pluginutils@1.5.2
268 silly decomposeActions refresh-package-json rollup-pluginutils@1.5.2
269 silly decomposeActions fetch source-map@0.5.7
270 silly decomposeActions extract source-map@0.5.7
271 silly decomposeActions preinstall source-map@0.5.7
272 silly decomposeActions build source-map@0.5.7
273 silly decomposeActions install source-map@0.5.7
274 silly decomposeActions postinstall source-map@0.5.7
275 silly decomposeActions finalize source-map@0.5.7
276 silly decomposeActions refresh-package-json source-map@0.5.7
277 silly decomposeActions fetch source-map-support@0.4.18
278 silly decomposeActions extract source-map-support@0.4.18
279 silly decomposeActions preinstall source-map-support@0.4.18
280 silly decomposeActions build source-map-support@0.4.18
281 silly decomposeActions install source-map-support@0.4.18
282 silly decomposeActions postinstall source-map-support@0.4.18
283 silly decomposeActions finalize source-map-support@0.4.18
284 silly decomposeActions refresh-package-json source-map-support@0.4.18
285 silly decomposeActions fetch strip-ansi@3.0.1
286 silly decomposeActions extract strip-ansi@3.0.1
287 silly decomposeActions preinstall strip-ansi@3.0.1
288 silly decomposeActions build strip-ansi@3.0.1
289 silly decomposeActions install strip-ansi@3.0.1
290 silly decomposeActions postinstall strip-ansi@3.0.1
291 silly decomposeActions finalize strip-ansi@3.0.1
292 silly decomposeActions refresh-package-json strip-ansi@3.0.1
293 silly decomposeActions fetch supports-color@2.0.0
294 silly decomposeActions extract supports-color@2.0.0
295 silly decomposeActions preinstall supports-color@2.0.0
296 silly decomposeActions build supports-color@2.0.0
297 silly decomposeActions install supports-color@2.0.0
298 silly decomposeActions postinstall supports-color@2.0.0
299 silly decomposeActions finalize supports-color@2.0.0
300 silly decomposeActions refresh-package-json supports-color@2.0.0
301 silly decomposeActions fetch chalk@1.1.3
302 silly decomposeActions extract chalk@1.1.3
303 silly decomposeActions preinstall chalk@1.1.3
304 silly decomposeActions build chalk@1.1.3
305 silly decomposeActions install chalk@1.1.3
306 silly decomposeActions postinstall chalk@1.1.3
307 silly decomposeActions finalize chalk@1.1.3
308 silly decomposeActions refresh-package-json chalk@1.1.3
309 silly decomposeActions fetch vlq@0.2.3
310 silly decomposeActions extract vlq@0.2.3
311 silly decomposeActions preinstall vlq@0.2.3
312 silly decomposeActions build vlq@0.2.3
313 silly decomposeActions install vlq@0.2.3
314 silly decomposeActions postinstall vlq@0.2.3
315 silly decomposeActions finalize vlq@0.2.3
316 silly decomposeActions refresh-package-json vlq@0.2.3
317 silly decomposeActions fetch magic-string@0.14.0
318 silly decomposeActions extract magic-string@0.14.0
319 silly decomposeActions preinstall magic-string@0.14.0
320 silly decomposeActions build magic-string@0.14.0
321 silly decomposeActions install magic-string@0.14.0
322 silly decomposeActions postinstall magic-string@0.14.0
323 silly decomposeActions finalize magic-string@0.14.0
324 silly decomposeActions refresh-package-json magic-string@0.14.0
325 silly decomposeActions fetch buble@0.11.6
326 silly decomposeActions extract buble@0.11.6
327 silly decomposeActions preinstall buble@0.11.6
328 silly decomposeActions build buble@0.11.6
329 silly decomposeActions install buble@0.11.6
330 silly decomposeActions postinstall buble@0.11.6
331 silly decomposeActions finalize buble@0.11.6
332 silly decomposeActions refresh-package-json buble@0.11.6
333 silly decomposeActions fetch rollup@0.34.13
334 silly decomposeActions extract rollup@0.34.13
335 silly decomposeActions preinstall rollup@0.34.13
336 silly decomposeActions build rollup@0.34.13
337 silly decomposeActions install rollup@0.34.13
338 silly decomposeActions postinstall rollup@0.34.13
339 silly decomposeActions finalize rollup@0.34.13
340 silly decomposeActions refresh-package-json rollup@0.34.13
341 silly decomposeActions fetch rollup-plugin-buble@0.11.0
342 silly decomposeActions extract rollup-plugin-buble@0.11.0
343 silly decomposeActions preinstall rollup-plugin-buble@0.11.0
344 silly decomposeActions build rollup-plugin-buble@0.11.0
345 silly decomposeActions install rollup-plugin-buble@0.11.0
346 silly decomposeActions postinstall rollup-plugin-buble@0.11.0
347 silly decomposeActions finalize rollup-plugin-buble@0.11.0
348 silly decomposeActions refresh-package-json rollup-plugin-buble@0.11.0
349 silly decomposeActions fetch unicode-9.0.0@0.7.5
350 silly decomposeActions extract unicode-9.0.0@0.7.5
351 silly decomposeActions preinstall unicode-9.0.0@0.7.5
352 silly decomposeActions build unicode-9.0.0@0.7.5
353 silly decomposeActions install unicode-9.0.0@0.7.5
354 silly decomposeActions postinstall unicode-9.0.0@0.7.5
355 silly decomposeActions finalize unicode-9.0.0@0.7.5
356 silly decomposeActions refresh-package-json unicode-9.0.0@0.7.5
357 silly install executeActions
358 silly doSerial global-install 200
359 verbose correctMkdir /Users/sudprawat/.atom/.apm/_locks correctMkdir not in flight; initializing
360 timing audit compress Completed in 2ms
361 info audit Submitting payload of 1531bytes
362 verbose lock using /Users/sudprawat/.atom/.apm/_locks/staging-7f2274049d506c32.lock for /Users/sudprawat/.atom/node_modules/acorn/node_modules/.staging
363 silly doParallel extract 25
364 silly extract acorn@3.3.0
365 silly extract acorn-jsx@3.0.1
366 silly extract acorn-object-spread@1.0.0
367 silly extract ansi-regex@2.1.1
368 silly extract ansi-styles@2.2.1
369 silly extract balanced-match@1.0.0
370 silly extract concat-map@0.0.1
371 silly extract brace-expansion@1.1.11
372 silly extract escape-string-regexp@1.0.5
373 silly extract estree-walker@0.2.1
374 silly extract has-ansi@2.0.0
375 silly extract minimatch@3.0.4
376 silly extract minimist@1.2.0
377 silly extract rollup-pluginutils@1.5.2
378 silly extract source-map@0.5.7
379 silly extract source-map-support@0.4.18
380 silly extract strip-ansi@3.0.1
381 silly extract supports-color@2.0.0
382 silly extract chalk@1.1.3
383 silly extract vlq@0.2.3
384 silly extract magic-string@0.14.0
385 silly extract buble@0.11.6
386 silly extract rollup@0.34.13
387 silly extract rollup-plugin-buble@0.11.0
388 silly extract unicode-9.0.0@0.7.5
389 timing audit submit Completed in 1095ms
390 http fetch POST 200 https://registry.npmjs.org/-/npm/v1/security/audits/quick 1094ms
391 timing audit body Completed in 1ms
392 timing action:extract Completed in 4150ms
393 silly doReverseSerial unbuild 200
394 silly doSerial remove 200
395 silly doSerial move 200
396 silly doSerial finalize 200
397 silly finalize /Users/sudprawat/.atom/node_modules/acorn/node_modules/acorn
398 silly finalize /Users/sudprawat/.atom/node_modules/acorn/node_modules/acorn-jsx
399 silly finalize /Users/sudprawat/.atom/node_modules/acorn/node_modules/acorn-object-spread
400 silly finalize /Users/sudprawat/.atom/node_modules/acorn/node_modules/ansi-regex
401 silly finalize /Users/sudprawat/.atom/node_modules/acorn/node_modules/ansi-styles
402 silly finalize /Users/sudprawat/.atom/node_modules/acorn/node_modules/balanced-match
403 silly finalize /Users/sudprawat/.atom/node_modules/acorn/node_modules/concat-map
404 silly finalize /Users/sudprawat/.atom/node_modules/acorn/node_modules/brace-expansion
405 silly finalize /Users/sudprawat/.atom/node_modules/acorn/node_modules/escape-string-regexp
406 silly finalize /Users/sudprawat/.atom/node_modules/acorn/node_modules/estree-walker
407 silly finalize /Users/sudprawat/.atom/node_modules/acorn/node_modules/has-ansi
408 silly finalize /Users/sudprawat/.atom/node_modules/acorn/node_modules/minimatch
409 silly finalize /Users/sudprawat/.atom/node_modules/acorn/node_modules/minimist
410 silly finalize /Users/sudprawat/.atom/node_modules/acorn/node_modules/rollup-pluginutils
411 silly finalize /Users/sudprawat/.atom/node_modules/acorn/node_modules/source-map
412 silly finalize /Users/sudprawat/.atom/node_modules/acorn/node_modules/source-map-support
413 silly finalize /Users/sudprawat/.atom/node_modules/acorn/node_modules/strip-ansi
414 silly finalize /Users/sudprawat/.atom/node_modules/acorn/node_modules/supports-color
415 silly finalize /Users/sudprawat/.atom/node_modules/acorn/node_modules/chalk
416 silly finalize /Users/sudprawat/.atom/node_modules/acorn/node_modules/vlq
417 silly finalize /Users/sudprawat/.atom/node_modules/acorn/node_modules/magic-string
418 silly finalize /Users/sudprawat/.atom/node_modules/acorn/node_modules/buble
419 silly finalize /Users/sudprawat/.atom/node_modules/acorn/node_modules/rollup
420 silly finalize /Users/sudprawat/.atom/node_modules/acorn/node_modules/rollup-plugin-buble
421 silly finalize /Users/sudprawat/.atom/node_modules/acorn/node_modules/unicode-9.0.0
422 timing action:finalize Completed in 29ms
423 silly doParallel refresh-package-json 25
424 silly refresh-package-json /Users/sudprawat/.atom/node_modules/acorn/node_modules/acorn
425 silly refresh-package-json /Users/sudprawat/.atom/node_modules/acorn/node_modules/acorn-jsx
426 silly refresh-package-json /Users/sudprawat/.atom/node_modules/acorn/node_modules/acorn-object-spread
427 silly refresh-package-json /Users/sudprawat/.atom/node_modules/acorn/node_modules/ansi-regex
428 silly refresh-package-json /Users/sudprawat/.atom/node_modules/acorn/node_modules/ansi-styles
429 silly refresh-package-json /Users/sudprawat/.atom/node_modules/acorn/node_modules/balanced-match
430 silly refresh-package-json /Users/sudprawat/.atom/node_modules/acorn/node_modules/concat-map
431 silly refresh-package-json /Users/sudprawat/.atom/node_modules/acorn/node_modules/brace-expansion
432 silly refresh-package-json /Users/sudprawat/.atom/node_modules/acorn/node_modules/escape-string-regexp
433 silly refresh-package-json /Users/sudprawat/.atom/node_modules/acorn/node_modules/estree-walker
434 silly refresh-package-json /Users/sudprawat/.atom/node_modules/acorn/node_modules/has-ansi
435 silly refresh-package-json /Users/sudprawat/.atom/node_modules/acorn/node_modules/minimatch
436 silly refresh-package-json /Users/sudprawat/.atom/node_modules/acorn/node_modules/minimist
437 silly refresh-package-json /Users/sudprawat/.atom/node_modules/acorn/node_modules/rollup-pluginutils
438 silly refresh-package-json /Users/sudprawat/.atom/node_modules/acorn/node_modules/source-map
439 silly refresh-package-json /Users/sudprawat/.atom/node_modules/acorn/node_modules/source-map-support
440 silly refresh-package-json /Users/sudprawat/.atom/node_modules/acorn/node_modules/strip-ansi
441 silly refresh-package-json /Users/sudprawat/.atom/node_modules/acorn/node_modules/supports-color
442 silly refresh-package-json /Users/sudprawat/.atom/node_modules/acorn/node_modules/chalk
443 silly refresh-package-json /Users/sudprawat/.atom/node_modules/acorn/node_modules/vlq
444 silly refresh-package-json /Users/sudprawat/.atom/node_modules/acorn/node_modules/magic-string
445 silly refresh-package-json /Users/sudprawat/.atom/node_modules/acorn/node_modules/buble
446 silly refresh-package-json /Users/sudprawat/.atom/node_modules/acorn/node_modules/rollup
447 silly refresh-package-json /Users/sudprawat/.atom/node_modules/acorn/node_modules/rollup-plugin-buble
448 silly refresh-package-json /Users/sudprawat/.atom/node_modules/acorn/node_modules/unicode-9.0.0
449 timing action:refresh-package-json Completed in 48ms
450 silly doParallel preinstall 25
451 silly preinstall acorn@3.3.0
452 info lifecycle acorn@3.3.0~preinstall: acorn@3.3.0
453 silly preinstall acorn-jsx@3.0.1
454 info lifecycle acorn-jsx@3.0.1~preinstall: acorn-jsx@3.0.1
455 silly preinstall acorn-object-spread@1.0.0
456 info lifecycle acorn-object-spread@1.0.0~preinstall: acorn-object-spread@1.0.0
457 silly preinstall ansi-regex@2.1.1
458 info lifecycle ansi-regex@2.1.1~preinstall: ansi-regex@2.1.1
459 silly preinstall ansi-styles@2.2.1
460 info lifecycle ansi-styles@2.2.1~preinstall: ansi-styles@2.2.1
461 silly preinstall balanced-match@1.0.0
462 info lifecycle balanced-match@1.0.0~preinstall: balanced-match@1.0.0
463 silly preinstall concat-map@0.0.1
464 info lifecycle concat-map@0.0.1~preinstall: concat-map@0.0.1
465 silly preinstall brace-expansion@1.1.11
466 info lifecycle brace-expansion@1.1.11~preinstall: brace-expansion@1.1.11
467 silly preinstall escape-string-regexp@1.0.5
468 info lifecycle escape-string-regexp@1.0.5~preinstall: escape-string-regexp@1.0.5
469 silly preinstall estree-walker@0.2.1
470 info lifecycle estree-walker@0.2.1~preinstall: estree-walker@0.2.1
471 silly preinstall has-ansi@2.0.0
472 info lifecycle has-ansi@2.0.0~preinstall: has-ansi@2.0.0
473 silly preinstall minimatch@3.0.4
474 info lifecycle minimatch@3.0.4~preinstall: minimatch@3.0.4
475 silly preinstall minimist@1.2.0
476 info lifecycle minimist@1.2.0~preinstall: minimist@1.2.0
477 silly preinstall rollup-pluginutils@1.5.2
478 info lifecycle rollup-pluginutils@1.5.2~preinstall: rollup-pluginutils@1.5.2
479 silly preinstall source-map@0.5.7
480 info lifecycle source-map@0.5.7~preinstall: source-map@0.5.7
481 silly preinstall source-map-support@0.4.18
482 info lifecycle source-map-support@0.4.18~preinstall: source-map-support@0.4.18
483 silly preinstall strip-ansi@3.0.1
484 info lifecycle strip-ansi@3.0.1~preinstall: strip-ansi@3.0.1
485 silly preinstall supports-color@2.0.0
486 info lifecycle supports-color@2.0.0~preinstall: supports-color@2.0.0
487 silly preinstall chalk@1.1.3
488 info lifecycle chalk@1.1.3~preinstall: chalk@1.1.3
489 silly preinstall vlq@0.2.3
490 info lifecycle vlq@0.2.3~preinstall: vlq@0.2.3
491 silly preinstall magic-string@0.14.0
492 info lifecycle magic-string@0.14.0~preinstall: magic-string@0.14.0
493 silly preinstall buble@0.11.6
494 info lifecycle buble@0.11.6~preinstall: buble@0.11.6
495 silly preinstall rollup@0.34.13
496 info lifecycle rollup@0.34.13~preinstall: rollup@0.34.13
497 silly preinstall rollup-plugin-buble@0.11.0
498 info lifecycle rollup-plugin-buble@0.11.0~preinstall: rollup-plugin-buble@0.11.0
499 silly preinstall unicode-9.0.0@0.7.5
500 info lifecycle unicode-9.0.0@0.7.5~preinstall: unicode-9.0.0@0.7.5
501 timing action:preinstall Completed in 2ms
502 silly doSerial build 200
503 silly build acorn@3.3.0
504 info linkStuff acorn@3.3.0
505 silly linkStuff acorn@3.3.0 has /Users/sudprawat/.atom/node_modules/acorn/node_modules as its parent node_modules
506 verbose linkBins [ { acorn: './bin/acorn' },
506 verbose linkBins   '/Users/sudprawat/.atom/node_modules/acorn/node_modules/.bin',
506 verbose linkBins   false ]
507 silly build acorn-jsx@3.0.1
508 info linkStuff acorn-jsx@3.0.1
509 silly linkStuff acorn-jsx@3.0.1 has /Users/sudprawat/.atom/node_modules/acorn/node_modules as its parent node_modules
510 silly build acorn-object-spread@1.0.0
511 info linkStuff acorn-object-spread@1.0.0
512 silly linkStuff acorn-object-spread@1.0.0 has /Users/sudprawat/.atom/node_modules/acorn/node_modules as its parent node_modules
513 silly build ansi-regex@2.1.1
514 info linkStuff ansi-regex@2.1.1
515 silly linkStuff ansi-regex@2.1.1 has /Users/sudprawat/.atom/node_modules/acorn/node_modules as its parent node_modules
516 silly build ansi-styles@2.2.1
517 info linkStuff ansi-styles@2.2.1
518 silly linkStuff ansi-styles@2.2.1 has /Users/sudprawat/.atom/node_modules/acorn/node_modules as its parent node_modules
519 silly build balanced-match@1.0.0
520 info linkStuff balanced-match@1.0.0
521 silly linkStuff balanced-match@1.0.0 has /Users/sudprawat/.atom/node_modules/acorn/node_modules as its parent node_modules
522 silly build concat-map@0.0.1
523 info linkStuff concat-map@0.0.1
524 silly linkStuff concat-map@0.0.1 has /Users/sudprawat/.atom/node_modules/acorn/node_modules as its parent node_modules
525 silly build brace-expansion@1.1.11
526 info linkStuff brace-expansion@1.1.11
527 silly linkStuff brace-expansion@1.1.11 has /Users/sudprawat/.atom/node_modules/acorn/node_modules as its parent node_modules
528 silly build escape-string-regexp@1.0.5
529 info linkStuff escape-string-regexp@1.0.5
530 silly linkStuff escape-string-regexp@1.0.5 has /Users/sudprawat/.atom/node_modules/acorn/node_modules as its parent node_modules
531 silly build estree-walker@0.2.1
532 info linkStuff estree-walker@0.2.1
533 silly linkStuff estree-walker@0.2.1 has /Users/sudprawat/.atom/node_modules/acorn/node_modules as its parent node_modules
534 silly build has-ansi@2.0.0
535 info linkStuff has-ansi@2.0.0
536 silly linkStuff has-ansi@2.0.0 has /Users/sudprawat/.atom/node_modules/acorn/node_modules as its parent node_modules
537 silly build minimatch@3.0.4
538 info linkStuff minimatch@3.0.4
539 silly linkStuff minimatch@3.0.4 has /Users/sudprawat/.atom/node_modules/acorn/node_modules as its parent node_modules
540 silly build minimist@1.2.0
541 info linkStuff minimist@1.2.0
542 silly linkStuff minimist@1.2.0 has /Users/sudprawat/.atom/node_modules/acorn/node_modules as its parent node_modules
543 silly build rollup-pluginutils@1.5.2
544 info linkStuff rollup-pluginutils@1.5.2
545 silly linkStuff rollup-pluginutils@1.5.2 has /Users/sudprawat/.atom/node_modules/acorn/node_modules as its parent node_modules
546 silly build source-map@0.5.7
547 info linkStuff source-map@0.5.7
548 silly linkStuff source-map@0.5.7 has /Users/sudprawat/.atom/node_modules/acorn/node_modules as its parent node_modules
549 silly build source-map-support@0.4.18
550 info linkStuff source-map-support@0.4.18
551 silly linkStuff source-map-support@0.4.18 has /Users/sudprawat/.atom/node_modules/acorn/node_modules as its parent node_modules
552 silly build strip-ansi@3.0.1
553 info linkStuff strip-ansi@3.0.1
554 silly linkStuff strip-ansi@3.0.1 has /Users/sudprawat/.atom/node_modules/acorn/node_modules as its parent node_modules
555 silly build supports-color@2.0.0
556 info linkStuff supports-color@2.0.0
557 silly linkStuff supports-color@2.0.0 has /Users/sudprawat/.atom/node_modules/acorn/node_modules as its parent node_modules
558 silly build chalk@1.1.3
559 info linkStuff chalk@1.1.3
560 silly linkStuff chalk@1.1.3 has /Users/sudprawat/.atom/node_modules/acorn/node_modules as its parent node_modules
561 silly build vlq@0.2.3
562 info linkStuff vlq@0.2.3
563 silly linkStuff vlq@0.2.3 has /Users/sudprawat/.atom/node_modules/acorn/node_modules as its parent node_modules
564 silly build magic-string@0.14.0
565 info linkStuff magic-string@0.14.0
566 silly linkStuff magic-string@0.14.0 has /Users/sudprawat/.atom/node_modules/acorn/node_modules as its parent node_modules
567 silly build buble@0.11.6
568 info linkStuff buble@0.11.6
569 silly linkStuff buble@0.11.6 has /Users/sudprawat/.atom/node_modules/acorn/node_modules as its parent node_modules
570 verbose linkBins [ { buble: './bin/buble' },
570 verbose linkBins   '/Users/sudprawat/.atom/node_modules/acorn/node_modules/.bin',
570 verbose linkBins   false ]
571 silly build rollup@0.34.13
572 info linkStuff rollup@0.34.13
573 silly linkStuff rollup@0.34.13 has /Users/sudprawat/.atom/node_modules/acorn/node_modules as its parent node_modules
574 verbose linkBins [ { rollup: './bin/rollup' },
574 verbose linkBins   '/Users/sudprawat/.atom/node_modules/acorn/node_modules/.bin',
574 verbose linkBins   false ]
575 silly build rollup-plugin-buble@0.11.0
576 info linkStuff rollup-plugin-buble@0.11.0
577 silly linkStuff rollup-plugin-buble@0.11.0 has /Users/sudprawat/.atom/node_modules/acorn/node_modules as its parent node_modules
578 silly build unicode-9.0.0@0.7.5
579 info linkStuff unicode-9.0.0@0.7.5
580 silly linkStuff unicode-9.0.0@0.7.5 has /Users/sudprawat/.atom/node_modules/acorn/node_modules as its parent node_modules
581 timing action:build Completed in 10ms
582 silly doSerial global-link 200
583 silly doParallel update-linked 0
584 silly doSerial install 200
585 silly install acorn@3.3.0
586 info lifecycle acorn@3.3.0~install: acorn@3.3.0
587 silly install acorn-jsx@3.0.1
588 info lifecycle acorn-jsx@3.0.1~install: acorn-jsx@3.0.1
589 silly install acorn-object-spread@1.0.0
590 info lifecycle acorn-object-spread@1.0.0~install: acorn-object-spread@1.0.0
591 silly install ansi-regex@2.1.1
592 info lifecycle ansi-regex@2.1.1~install: ansi-regex@2.1.1
593 silly install ansi-styles@2.2.1
594 info lifecycle ansi-styles@2.2.1~install: ansi-styles@2.2.1
595 silly install balanced-match@1.0.0
596 info lifecycle balanced-match@1.0.0~install: balanced-match@1.0.0
597 silly install concat-map@0.0.1
598 info lifecycle concat-map@0.0.1~install: concat-map@0.0.1
599 silly install brace-expansion@1.1.11
600 info lifecycle brace-expansion@1.1.11~install: brace-expansion@1.1.11
601 silly install escape-string-regexp@1.0.5
602 info lifecycle escape-string-regexp@1.0.5~install: escape-string-regexp@1.0.5
603 silly install estree-walker@0.2.1
604 info lifecycle estree-walker@0.2.1~install: estree-walker@0.2.1
605 silly install has-ansi@2.0.0
606 info lifecycle has-ansi@2.0.0~install: has-ansi@2.0.0
607 silly install minimatch@3.0.4
608 info lifecycle minimatch@3.0.4~install: minimatch@3.0.4
609 silly install minimist@1.2.0
610 info lifecycle minimist@1.2.0~install: minimist@1.2.0
611 silly install rollup-pluginutils@1.5.2
612 info lifecycle rollup-pluginutils@1.5.2~install: rollup-pluginutils@1.5.2
613 silly install source-map@0.5.7
614 info lifecycle source-map@0.5.7~install: source-map@0.5.7
615 silly install source-map-support@0.4.18
616 info lifecycle source-map-support@0.4.18~install: source-map-support@0.4.18
617 silly install strip-ansi@3.0.1
618 info lifecycle strip-ansi@3.0.1~install: strip-ansi@3.0.1
619 silly install supports-color@2.0.0
620 info lifecycle supports-color@2.0.0~install: supports-color@2.0.0
621 silly install chalk@1.1.3
622 info lifecycle chalk@1.1.3~install: chalk@1.1.3
623 silly install vlq@0.2.3
624 info lifecycle vlq@0.2.3~install: vlq@0.2.3
625 silly install magic-string@0.14.0
626 info lifecycle magic-string@0.14.0~install: magic-string@0.14.0
627 silly install buble@0.11.6
628 info lifecycle buble@0.11.6~install: buble@0.11.6
629 silly install rollup@0.34.13
630 info lifecycle rollup@0.34.13~install: rollup@0.34.13
631 silly install rollup-plugin-buble@0.11.0
632 info lifecycle rollup-plugin-buble@0.11.0~install: rollup-plugin-buble@0.11.0
633 silly install unicode-9.0.0@0.7.5
634 info lifecycle unicode-9.0.0@0.7.5~install: unicode-9.0.0@0.7.5
635 timing action:install Completed in 3ms
636 silly doSerial postinstall 200
637 silly postinstall acorn@3.3.0
638 info lifecycle acorn@3.3.0~postinstall: acorn@3.3.0
639 silly postinstall acorn-jsx@3.0.1
640 info lifecycle acorn-jsx@3.0.1~postinstall: acorn-jsx@3.0.1
641 silly postinstall acorn-object-spread@1.0.0
642 info lifecycle acorn-object-spread@1.0.0~postinstall: acorn-object-spread@1.0.0
643 silly postinstall ansi-regex@2.1.1
644 info lifecycle ansi-regex@2.1.1~postinstall: ansi-regex@2.1.1
645 silly postinstall ansi-styles@2.2.1
646 info lifecycle ansi-styles@2.2.1~postinstall: ansi-styles@2.2.1
647 silly postinstall balanced-match@1.0.0
648 info lifecycle balanced-match@1.0.0~postinstall: balanced-match@1.0.0
649 silly postinstall concat-map@0.0.1
650 info lifecycle concat-map@0.0.1~postinstall: concat-map@0.0.1
651 silly postinstall brace-expansion@1.1.11
652 info lifecycle brace-expansion@1.1.11~postinstall: brace-expansion@1.1.11
653 silly postinstall escape-string-regexp@1.0.5
654 info lifecycle escape-string-regexp@1.0.5~postinstall: escape-string-regexp@1.0.5
655 silly postinstall estree-walker@0.2.1
656 info lifecycle estree-walker@0.2.1~postinstall: estree-walker@0.2.1
657 silly postinstall has-ansi@2.0.0
658 info lifecycle has-ansi@2.0.0~postinstall: has-ansi@2.0.0
659 silly postinstall minimatch@3.0.4
660 info lifecycle minimatch@3.0.4~postinstall: minimatch@3.0.4
661 silly postinstall minimist@1.2.0
662 info lifecycle minimist@1.2.0~postinstall: minimist@1.2.0
663 silly postinstall rollup-pluginutils@1.5.2
664 info lifecycle rollup-pluginutils@1.5.2~postinstall: rollup-pluginutils@1.5.2
665 silly postinstall source-map@0.5.7
666 info lifecycle source-map@0.5.7~postinstall: source-map@0.5.7
667 silly postinstall source-map-support@0.4.18
668 info lifecycle source-map-support@0.4.18~postinstall: source-map-support@0.4.18
669 silly postinstall strip-ansi@3.0.1
670 info lifecycle strip-ansi@3.0.1~postinstall: strip-ansi@3.0.1
671 silly postinstall supports-color@2.0.0
672 info lifecycle supports-color@2.0.0~postinstall: supports-color@2.0.0
673 silly postinstall chalk@1.1.3
674 info lifecycle chalk@1.1.3~postinstall: chalk@1.1.3
675 silly postinstall vlq@0.2.3
676 info lifecycle vlq@0.2.3~postinstall: vlq@0.2.3
677 silly postinstall magic-string@0.14.0
678 info lifecycle magic-string@0.14.0~postinstall: magic-string@0.14.0
679 silly postinstall buble@0.11.6
680 info lifecycle buble@0.11.6~postinstall: buble@0.11.6
681 silly postinstall rollup@0.34.13
682 info lifecycle rollup@0.34.13~postinstall: rollup@0.34.13
683 silly postinstall rollup-plugin-buble@0.11.0
684 info lifecycle rollup-plugin-buble@0.11.0~postinstall: rollup-plugin-buble@0.11.0
685 silly postinstall unicode-9.0.0@0.7.5
686 info lifecycle unicode-9.0.0@0.7.5~postinstall: unicode-9.0.0@0.7.5
687 timing action:postinstall Completed in 2ms
688 verbose unlock done using /Users/sudprawat/.atom/.apm/_locks/staging-7f2274049d506c32.lock for /Users/sudprawat/.atom/node_modules/acorn/node_modules/.staging
689 timing stage:executeActions Completed in 4291ms
690 timing stage:rollbackFailedOptional Completed in 0ms
691 silly install runPostinstallTopLevelLifecycles
692 silly build acorn@4.0.13
693 info linkStuff acorn@4.0.13
694 silly linkStuff acorn@4.0.13 has /Users/sudprawat/.atom/node_modules as its parent node_modules
695 verbose linkBins [ { acorn: './bin/acorn' },
695 verbose linkBins   '/Users/sudprawat/.atom/node_modules/.bin',
695 verbose linkBins   false ]
696 silly install acorn@4.0.13
697 info lifecycle acorn@4.0.13~install: acorn@4.0.13
698 silly postinstall acorn@4.0.13
699 info lifecycle acorn@4.0.13~postinstall: acorn@4.0.13
700 silly prepublish acorn@4.0.13
701 warn prepublish-on-install As of npm@5, `prepublish` scripts are deprecated.
702 warn prepublish-on-install Use `prepare` for build steps and `prepublishOnly` for upload-only.
703 warn prepublish-on-install See the deprecation note in `npm help scripts` for more information.
704 info lifecycle acorn@4.0.13~prepublish: acorn@4.0.13
705 verbose lifecycle acorn@4.0.13~prepublish: unsafe-perm in lifecycle true
706 verbose lifecycle acorn@4.0.13~prepublish: PATH: /Applications/Atom.app/Contents/Resources/app/apm/node_modules/npm/node_modules/npm-lifecycle/node-gyp-bin:/Users/sudprawat/.atom/node_modules/acorn/node_modules/.bin:/Users/sudprawat/.atom/node_modules/.bin:/Applications/Atom.app/Contents/Resources/app/apm/bin:/usr/local/opt/gettext/bin:/Users/sudprawat/.dotfiles/bin:/Users/sudprawat/.npm-global/bin::/usr/local/Cellar:/Users/sudprawat/.composer/vendor/bin:/usr/local/bin:/usr/bin:/bin:/usr/local/sbin:/usr/sbin:/sbin
707 verbose lifecycle acorn@4.0.13~prepublish: CWD: /Users/sudprawat/.atom/node_modules/acorn
708 silly lifecycle acorn@4.0.13~prepublish: Args: [ '-c', 'npm test' ]
709 silly lifecycle acorn@4.0.13~prepublish: Returned: code: 1  signal: null
710 info lifecycle acorn@4.0.13~prepublish: Failed to exec prepublish script
711 verbose stack Error: acorn@4.0.13 prepublish: `npm test`
711 verbose stack Exit status 1
711 verbose stack     at EventEmitter.<anonymous> (/Applications/Atom.app/Contents/Resources/app/apm/node_modules/npm/node_modules/npm-lifecycle/index.js:304:16)
711 verbose stack     at emitTwo (events.js:126:13)
711 verbose stack     at EventEmitter.emit (events.js:214:7)
711 verbose stack     at ChildProcess.<anonymous> (/Applications/Atom.app/Contents/Resources/app/apm/node_modules/npm/node_modules/npm-lifecycle/lib/spawn.js:55:14)
711 verbose stack     at emitTwo (events.js:126:13)
711 verbose stack     at ChildProcess.emit (events.js:214:7)
711 verbose stack     at maybeClose (internal/child_process.js:925:16)
711 verbose stack     at Process.ChildProcess._handle.onexit (internal/child_process.js:209:5)
712 verbose pkgid acorn@4.0.13
713 verbose cwd /Users/sudprawat/.atom/node_modules/acorn
714 verbose Darwin 18.6.0
715 verbose argv "/Applications/Atom.app/Contents/Resources/app/apm/bin/node" "/Applications/Atom.app/Contents/Resources/app/apm/node_modules/npm/bin/npm-cli.js" "--globalconfig" "/Users/sudprawat/.atom/.apm/.apmrc" "--userconfig" "/Users/sudprawat/.atom/.apmrc" "install" "--runtime=electron" "--target=2.0.18" "--dist-url=https://atom.io/download/electron" "--arch=x64"
716 verbose node v8.9.3
717 verbose npm  v6.2.0
718 error code ELIFECYCLE
719 error errno 1
720 error acorn@4.0.13 prepublish: `npm test`
720 error Exit status 1
721 error Failed at the acorn@4.0.13 prepublish script.
721 error This is probably not a problem with npm. There is likely additional logging output above.
722 verbose exit [ 1, true ]
