0 info it worked if it ends with ok
1 verbose cli [ '/Applications/Atom.app/Contents/Resources/app/apm/bin/node',
1 verbose cli   '/Applications/Atom.app/Contents/Resources/app/apm/node_modules/.bin/npm',
1 verbose cli   'run',
1 verbose cli   'build:main' ]
2 info using npm@6.2.0
3 info using node@v8.9.3
4 verbose run-script [ 'prebuild:main', 'build:main', 'postbuild:main' ]
5 info lifecycle acorn@4.0.13~prebuild:main: acorn@4.0.13
6 info lifecycle acorn@4.0.13~build:main: acorn@4.0.13
7 verbose lifecycle acorn@4.0.13~build:main: unsafe-perm in lifecycle true
8 verbose lifecycle acorn@4.0.13~build:main: PATH: /Applications/Atom.app/Contents/Resources/app/apm/node_modules/npm/node_modules/npm-lifecycle/node-gyp-bin:/Users/sudprawat/.atom/node_modules/acorn/node_modules/.bin:/Users/sudprawat/.atom/node_modules/.bin:/Applications/Atom.app/Contents/Resources/app/apm/bin:/Applications/Atom.app/Contents/Resources/app/apm/node_modules/npm/node_modules/npm-lifecycle/node-gyp-bin:/Users/sudprawat/.atom/node_modules/acorn/node_modules/.bin:/Users/sudprawat/.atom/node_modules/.bin:/Applications/Atom.app/Contents/Resources/app/apm/bin:/Applications/Atom.app/Contents/Resources/app/apm/node_modules/npm/node_modules/npm-lifecycle/node-gyp-bin:/Users/sudprawat/.atom/node_modules/acorn/node_modules/.bin:/Users/sudprawat/.atom/node_modules/.bin:/Applications/Atom.app/Contents/Resources/app/apm/bin:/Applications/Atom.app/Contents/Resources/app/apm/node_modules/npm/node_modules/npm-lifecycle/node-gyp-bin:/Users/sudprawat/.atom/node_modules/acorn/node_modules/.bin:/Users/sudprawat/.atom/node_modules/.bin:/Applications/Atom.app/Contents/Resources/app/apm/bin:/usr/local/opt/gettext/bin:/Users/sudprawat/.dotfiles/bin:/Users/sudprawat/.npm-global/bin::/usr/local/Cellar:/Users/sudprawat/.composer/vendor/bin:/usr/local/bin:/usr/bin:/bin:/usr/local/sbin:/usr/sbin:/sbin
9 verbose lifecycle acorn@4.0.13~build:main: CWD: /Users/sudprawat/.atom/node_modules/acorn
10 silly lifecycle acorn@4.0.13~build:main: Args: [ '-c', 'rollup -c rollup/config.main.js' ]
11 silly lifecycle acorn@4.0.13~build:main: Returned: code: 1  signal: null
12 info lifecycle acorn@4.0.13~build:main: Failed to exec build:main script
13 verbose stack Error: acorn@4.0.13 build:main: `rollup -c rollup/config.main.js`
13 verbose stack Exit status 1
13 verbose stack     at EventEmitter.<anonymous> (/Applications/Atom.app/Contents/Resources/app/apm/node_modules/npm/node_modules/npm-lifecycle/index.js:304:16)
13 verbose stack     at emitTwo (events.js:126:13)
13 verbose stack     at EventEmitter.emit (events.js:214:7)
13 verbose stack     at ChildProcess.<anonymous> (/Applications/Atom.app/Contents/Resources/app/apm/node_modules/npm/node_modules/npm-lifecycle/lib/spawn.js:55:14)
13 verbose stack     at emitTwo (events.js:126:13)
13 verbose stack     at ChildProcess.emit (events.js:214:7)
13 verbose stack     at maybeClose (internal/child_process.js:925:16)
13 verbose stack     at Process.ChildProcess._handle.onexit (internal/child_process.js:209:5)
14 verbose pkgid acorn@4.0.13
15 verbose cwd /Users/sudprawat/.atom/node_modules/acorn
16 verbose Darwin 18.6.0
17 verbose argv "/Applications/Atom.app/Contents/Resources/app/apm/bin/node" "/Applications/Atom.app/Contents/Resources/app/apm/node_modules/.bin/npm" "run" "build:main"
18 verbose node v8.9.3
19 verbose npm  v6.2.0
20 error code ELIFECYCLE
21 error errno 1
22 error acorn@4.0.13 build:main: `rollup -c rollup/config.main.js`
22 error Exit status 1
23 error Failed at the acorn@4.0.13 build:main script.
23 error This is probably not a problem with npm. There is likely additional logging output above.
24 verbose exit [ 1, true ]
