0 info it worked if it ends with ok
1 verbose cli [
1 verbose cli   '/Applications/Atom.app/Contents/Resources/app/apm/bin/node',
1 verbose cli   '/Applications/Atom.app/Contents/Resources/app/apm/node_modules/npm/bin/npm-cli.js',
1 verbose cli   '--globalconfig',
1 verbose cli   '/Users/fineart/.atom/.apm/.apmrc',
1 verbose cli   '--userconfig',
1 verbose cli   '/Users/fineart/.atom/.apmrc',
1 verbose cli   'install',
1 verbose cli   'https://www.atom.io/api/packages/repl-console/versions/0.4.4/tarball',
1 verbose cli   '--target=9.4.4',
1 verbose cli   '--disturl=https://atom.io/download/electron',
1 verbose cli   '--arch=x64',
1 verbose cli   '--global-style'
1 verbose cli ]
2 info using npm@6.14.13
3 info using node@v12.14.1
4 verbose npm-session cb84216832c23894
5 silly install loadCurrentTree
6 silly install readLocalPackageData
7 http fetch GET 400 https://www.atom.io/api/packages/repl-console/versions/0.4.4/tarball 1029ms
8 silly fetchPackageMetaData error for https://www.atom.io/api/packages/repl-console/versions/0.4.4/tarball 400 Bad Request - GET https://www.atom.io/api/packages/repl-console/versions/0.4.4/tarball
9 timing stage:rollbackFailedOptional Completed in 1ms
10 timing stage:runTopLevelLifecycles Completed in 1085ms
11 verbose stack Error: 400 Bad Request - GET https://www.atom.io/api/packages/repl-console/versions/0.4.4/tarball
11 verbose stack     at /Applications/Atom.app/Contents/Resources/app/apm/node_modules/npm/node_modules/npm-registry-fetch/check-response.js:117:15
11 verbose stack     at processTicksAndRejections (internal/process/task_queues.js:94:5)
12 verbose statusCode 400
13 verbose pkgid https://www.atom.io/api/packages/repl-console/versions/0.4.4/tarball
14 verbose cwd /private/tmp/apm-install-dir-20211117-55930-1qx3mth.5cgj
15 verbose Darwin 17.7.0
16 verbose argv "/Applications/Atom.app/Contents/Resources/app/apm/bin/node" "/Applications/Atom.app/Contents/Resources/app/apm/node_modules/npm/bin/npm-cli.js" "--globalconfig" "/Users/fineart/.atom/.apm/.apmrc" "--userconfig" "/Users/fineart/.atom/.apmrc" "install" "https://www.atom.io/api/packages/repl-console/versions/0.4.4/tarball" "--target=9.4.4" "--disturl=https://atom.io/download/electron" "--arch=x64" "--global-style"
17 verbose node v12.14.1
18 verbose npm  v6.14.13
19 error code E400
20 error 400 Bad Request - GET https://www.atom.io/api/packages/repl-console/versions/0.4.4/tarball
21 verbose exit [ 1, true ]
